C:\Program Files\Microsoft Visual Studio\2022\Community\MSBuild\Microsoft\VC\v170\Microsoft.CppBuild.targets(517,5): warning MSB8004: Output Directory does not end with a trailing slash.  This build instance will add the slash as it is required to allow proper evaluation of the Output Directory.
  game.cpp
C:\Desktop\Football-themed-Monopoly-Game-in-Cpp-\Monopoly\game.h(54,68): warning C4305: 'argument': truncation from 'double' to 'const float'
C:\Desktop\Football-themed-Monopoly-Game-in-Cpp-\Monopoly\game.h(55,69): warning C4305: 'argument': truncation from 'double' to 'const float'
C:\Desktop\Football-themed-Monopoly-Game-in-Cpp-\Monopoly\game.h(59,67): warning C4305: 'argument': truncation from 'double' to 'const float'
C:\Desktop\Football-themed-Monopoly-Game-in-Cpp-\Monopoly\game.cpp(6,10): warning C4067: unexpected tokens following preprocessor directive - expected a newline
C:\Desktop\Football-themed-Monopoly-Game-in-Cpp-\Monopoly\player.h(23,40): warning C4244: '=': conversion from 'const int' to 'float', possible loss of data
C:\Desktop\Football-themed-Monopoly-Game-in-Cpp-\Monopoly\game.cpp(155,41): warning C4305: 'argument': truncation from 'double' to 'float'
C:\Desktop\Football-themed-Monopoly-Game-in-Cpp-\Monopoly\game.cpp(185,37): warning C4305: 'argument': truncation from 'double' to 'float'
C:\Desktop\Football-themed-Monopoly-Game-in-Cpp-\Monopoly\game.cpp(187,58): warning C4305: 'argument': truncation from 'double' to 'float'
C:\Desktop\Football-themed-Monopoly-Game-in-Cpp-\Monopoly\game.cpp(187,37): warning C4305: 'argument': truncation from 'double' to 'float'
C:\Desktop\Football-themed-Monopoly-Game-in-Cpp-\Monopoly\game.cpp(192,95): warning C4305: 'argument': truncation from 'double' to 'float'
C:\Desktop\Football-themed-Monopoly-Game-in-Cpp-\Monopoly\game.cpp(192,74): warning C4305: 'argument': truncation from 'double' to 'float'
C:\Desktop\Football-themed-Monopoly-Game-in-Cpp-\Monopoly\game.cpp(230,23): warning C4018: '<': signed/unsigned mismatch
C:\Desktop\Football-themed-Monopoly-Game-in-Cpp-\Monopoly\game.cpp(234,23): warning C4244: 'argument': conversion from 'int' to 'const float', possible loss of data
C:\Desktop\Football-themed-Monopoly-Game-in-Cpp-\Monopoly\game.cpp(320,75): warning C4244: 'argument': conversion from 'float' to 'const int', possible loss of data
C:\Desktop\Football-themed-Monopoly-Game-in-Cpp-\Monopoly\game.cpp(325,33): warning C4305: 'initializing': truncation from 'double' to 'float'
C:\Desktop\Football-themed-Monopoly-Game-in-Cpp-\Monopoly\game.cpp(368,67): warning C4244: 'argument': conversion from 'float' to 'const int', possible loss of data
C:\Desktop\Football-themed-Monopoly-Game-in-Cpp-\Monopoly\game.cpp(392,63): warning C4244: 'argument': conversion from 'float' to 'const int', possible loss of data
C:\Desktop\Football-themed-Monopoly-Game-in-Cpp-\Monopoly\game.cpp(402,87): warning C4244: 'argument': conversion from 'float' to 'const int', possible loss of data
C:\Desktop\Football-themed-Monopoly-Game-in-Cpp-\Monopoly\game.cpp(418,44): warning C4244: 'argument': conversion from 'int' to 'float', possible loss of data
C:\Desktop\Football-themed-Monopoly-Game-in-Cpp-\Monopoly\game.cpp(419,44): warning C4244: 'argument': conversion from 'int' to 'float', possible loss of data
C:\Desktop\Football-themed-Monopoly-Game-in-Cpp-\Monopoly\game.cpp(478,84): warning C4305: 'argument': truncation from 'double' to 'const float'
C:\Desktop\Football-themed-Monopoly-Game-in-Cpp-\Monopoly\game.cpp(478,73): warning C4244: 'argument': conversion from 'int' to 'const float', possible loss of data
C:\Desktop\Football-themed-Monopoly-Game-in-Cpp-\Monopoly\game.cpp(478,66): warning C4244: 'argument': conversion from 'int' to 'const float', possible loss of data
C:\Desktop\Football-themed-Monopoly-Game-in-Cpp-\Monopoly\game.cpp(480,71): warning C4244: 'argument': conversion from 'int' to 'const float', possible loss of data
C:\Desktop\Football-themed-Monopoly-Game-in-Cpp-\Monopoly\game.cpp(480,64): warning C4244: 'argument': conversion from 'int' to 'const float', possible loss of data
C:\Desktop\Football-themed-Monopoly-Game-in-Cpp-\Monopoly\game.cpp(482,79): warning C4305: 'argument': truncation from 'double' to 'const float'
C:\Desktop\Football-themed-Monopoly-Game-in-Cpp-\Monopoly\game.cpp(482,68): warning C4244: 'argument': conversion from 'int' to 'const float', possible loss of data
C:\Desktop\Football-themed-Monopoly-Game-in-Cpp-\Monopoly\game.cpp(482,61): warning C4244: 'argument': conversion from 'int' to 'const float', possible loss of data
C:\Desktop\Football-themed-Monopoly-Game-in-Cpp-\Monopoly\game.cpp(484,83): warning C4305: 'argument': truncation from 'double' to 'const float'
C:\Desktop\Football-themed-Monopoly-Game-in-Cpp-\Monopoly\game.cpp(484,76): warning C4305: 'argument': truncation from 'double' to 'const float'
C:\Desktop\Football-themed-Monopoly-Game-in-Cpp-\Monopoly\game.cpp(484,70): warning C4244: 'argument': conversion from 'int' to 'const float', possible loss of data
C:\Desktop\Football-themed-Monopoly-Game-in-Cpp-\Monopoly\game.cpp(484,63): warning C4244: 'argument': conversion from 'int' to 'const float', possible loss of data
C:\Desktop\Football-themed-Monopoly-Game-in-Cpp-\Monopoly\game.cpp(486,67): warning C4244: 'argument': conversion from 'int' to 'const float', possible loss of data
C:\Desktop\Football-themed-Monopoly-Game-in-Cpp-\Monopoly\game.cpp(486,60): warning C4244: 'argument': conversion from 'int' to 'const float', possible loss of data
C:\Desktop\Football-themed-Monopoly-Game-in-Cpp-\Monopoly\game.cpp(494,81): warning C4305: 'argument': truncation from 'double' to 'const float'
C:\Desktop\Football-themed-Monopoly-Game-in-Cpp-\Monopoly\game.cpp(494,75): warning C4305: 'argument': truncation from 'double' to 'const float'
C:\Desktop\Football-themed-Monopoly-Game-in-Cpp-\Monopoly\game.cpp(494,69): warning C4244: 'argument': conversion from 'int' to 'const float', possible loss of data
C:\Desktop\Football-themed-Monopoly-Game-in-Cpp-\Monopoly\game.cpp(494,62): warning C4244: 'argument': conversion from 'int' to 'const float', possible loss of data
C:\Desktop\Football-themed-Monopoly-Game-in-Cpp-\Monopoly\game.cpp(496,82): warning C4305: 'argument': truncation from 'double' to 'const float'
C:\Desktop\Football-themed-Monopoly-Game-in-Cpp-\Monopoly\game.cpp(496,76): warning C4305: 'argument': truncation from 'double' to 'const float'
C:\Desktop\Football-themed-Monopoly-Game-in-Cpp-\Monopoly\game.cpp(496,70): warning C4244: 'argument': conversion from 'int' to 'const float', possible loss of data
C:\Desktop\Football-themed-Monopoly-Game-in-Cpp-\Monopoly\game.cpp(496,63): warning C4244: 'argument': conversion from 'int' to 'const float', possible loss of data
C:\Desktop\Football-themed-Monopoly-Game-in-Cpp-\Monopoly\game.cpp(498,83): warning C4305: 'argument': truncation from 'double' to 'const float'
C:\Desktop\Football-themed-Monopoly-Game-in-Cpp-\Monopoly\game.cpp(498,76): warning C4305: 'argument': truncation from 'double' to 'const float'
C:\Desktop\Football-themed-Monopoly-Game-in-Cpp-\Monopoly\game.cpp(498,70): warning C4244: 'argument': conversion from 'int' to 'const float', possible loss of data
C:\Desktop\Football-themed-Monopoly-Game-in-Cpp-\Monopoly\game.cpp(498,63): warning C4244: 'argument': conversion from 'int' to 'const float', possible loss of data
C:\Desktop\Football-themed-Monopoly-Game-in-Cpp-\Monopoly\game.cpp(500,82): warning C4305: 'argument': truncation from 'double' to 'const float'
C:\Desktop\Football-themed-Monopoly-Game-in-Cpp-\Monopoly\game.cpp(500,69): warning C4244: 'argument': conversion from 'int' to 'const float', possible loss of data
C:\Desktop\Football-themed-Monopoly-Game-in-Cpp-\Monopoly\game.cpp(500,62): warning C4244: 'argument': conversion from 'int' to 'const float', possible loss of data
C:\Desktop\Football-themed-Monopoly-Game-in-Cpp-\Monopoly\game.cpp(502,80): warning C4305: 'argument': truncation from 'double' to 'const float'
C:\Desktop\Football-themed-Monopoly-Game-in-Cpp-\Monopoly\game.cpp(502,67): warning C4244: 'argument': conversion from 'int' to 'const float', possible loss of data
C:\Desktop\Football-themed-Monopoly-Game-in-Cpp-\Monopoly\game.cpp(502,60): warning C4244: 'argument': conversion from 'int' to 'const float', possible loss of data
C:\Desktop\Football-themed-Monopoly-Game-in-Cpp-\Monopoly\game.cpp(511,78): warning C4305: 'argument': truncation from 'double' to 'const float'
C:\Desktop\Football-themed-Monopoly-Game-in-Cpp-\Monopoly\game.cpp(511,72): warning C4244: 'argument': conversion from 'int' to 'const float', possible loss of data
C:\Desktop\Football-themed-Monopoly-Game-in-Cpp-\Monopoly\game.cpp(511,65): warning C4244: 'argument': conversion from 'int' to 'const float', possible loss of data
C:\Desktop\Football-themed-Monopoly-Game-in-Cpp-\Monopoly\game.cpp(513,76): warning C4305: 'argument': truncation from 'double' to 'const float'
C:\Desktop\Football-themed-Monopoly-Game-in-Cpp-\Monopoly\game.cpp(513,65): warning C4244: 'argument': conversion from 'int' to 'const float', possible loss of data
C:\Desktop\Football-themed-Monopoly-Game-in-Cpp-\Monopoly\game.cpp(513,58): warning C4244: 'argument': conversion from 'int' to 'const float', possible loss of data
C:\Desktop\Football-themed-Monopoly-Game-in-Cpp-\Monopoly\game.cpp(515,77): warning C4305: 'argument': truncation from 'double' to 'const float'
C:\Desktop\Football-themed-Monopoly-Game-in-Cpp-\Monopoly\game.cpp(515,66): warning C4244: 'argument': conversion from 'int' to 'const float', possible loss of data
C:\Desktop\Football-themed-Monopoly-Game-in-Cpp-\Monopoly\game.cpp(515,59): warning C4244: 'argument': conversion from 'int' to 'const float', possible loss of data
C:\Desktop\Football-themed-Monopoly-Game-in-Cpp-\Monopoly\game.cpp(517,82): warning C4305: 'argument': truncation from 'double' to 'const float'
C:\Desktop\Football-themed-Monopoly-Game-in-Cpp-\Monopoly\game.cpp(517,75): warning C4305: 'argument': truncation from 'double' to 'const float'
C:\Desktop\Football-themed-Monopoly-Game-in-Cpp-\Monopoly\game.cpp(517,69): warning C4244: 'argument': conversion from 'int' to 'const float', possible loss of data
C:\Desktop\Football-themed-Monopoly-Game-in-Cpp-\Monopoly\game.cpp(517,62): warning C4244: 'argument': conversion from 'int' to 'const float', possible loss of data
C:\Desktop\Football-themed-Monopoly-Game-in-Cpp-\Monopoly\game.cpp(519,77): warning C4305: 'argument': truncation from 'double' to 'const float'
C:\Desktop\Football-themed-Monopoly-Game-in-Cpp-\Monopoly\game.cpp(519,71): warning C4305: 'argument': truncation from 'double' to 'const float'
C:\Desktop\Football-themed-Monopoly-Game-in-Cpp-\Monopoly\game.cpp(519,65): warning C4244: 'argument': conversion from 'int' to 'const float', possible loss of data
C:\Desktop\Football-themed-Monopoly-Game-in-Cpp-\Monopoly\game.cpp(519,58): warning C4244: 'argument': conversion from 'int' to 'const float', possible loss of data
C:\Desktop\Football-themed-Monopoly-Game-in-Cpp-\Monopoly\game.cpp(528,79): warning C4305: 'argument': truncation from 'double' to 'const float'
C:\Desktop\Football-themed-Monopoly-Game-in-Cpp-\Monopoly\game.cpp(528,73): warning C4305: 'argument': truncation from 'double' to 'const float'
C:\Desktop\Football-themed-Monopoly-Game-in-Cpp-\Monopoly\game.cpp(528,67): warning C4244: 'argument': conversion from 'int' to 'const float', possible loss of data
C:\Desktop\Football-themed-Monopoly-Game-in-Cpp-\Monopoly\game.cpp(528,60): warning C4244: 'argument': conversion from 'int' to 'const float', possible loss of data
C:\Desktop\Football-themed-Monopoly-Game-in-Cpp-\Monopoly\game.cpp(530,80): warning C4305: 'argument': truncation from 'double' to 'const float'
C:\Desktop\Football-themed-Monopoly-Game-in-Cpp-\Monopoly\game.cpp(530,67): warning C4244: 'argument': conversion from 'int' to 'const float', possible loss of data
C:\Desktop\Football-themed-Monopoly-Game-in-Cpp-\Monopoly\game.cpp(530,60): warning C4244: 'argument': conversion from 'int' to 'const float', possible loss of data
C:\Desktop\Football-themed-Monopoly-Game-in-Cpp-\Monopoly\game.cpp(532,82): warning C4305: 'argument': truncation from 'double' to 'const float'
C:\Desktop\Football-themed-Monopoly-Game-in-Cpp-\Monopoly\game.cpp(532,71): warning C4244: 'argument': conversion from 'int' to 'const float', possible loss of data
C:\Desktop\Football-themed-Monopoly-Game-in-Cpp-\Monopoly\game.cpp(532,64): warning C4244: 'argument': conversion from 'int' to 'const float', possible loss of data
C:\Desktop\Football-themed-Monopoly-Game-in-Cpp-\Monopoly\game.cpp(534,82): warning C4305: 'argument': truncation from 'double' to 'const float'
C:\Desktop\Football-themed-Monopoly-Game-in-Cpp-\Monopoly\game.cpp(534,75): warning C4305: 'argument': truncation from 'double' to 'const float'
C:\Desktop\Football-themed-Monopoly-Game-in-Cpp-\Monopoly\game.cpp(534,69): warning C4244: 'argument': conversion from 'int' to 'const float', possible loss of data
C:\Desktop\Football-themed-Monopoly-Game-in-Cpp-\Monopoly\game.cpp(534,62): warning C4244: 'argument': conversion from 'int' to 'const float', possible loss of data
C:\Desktop\Football-themed-Monopoly-Game-in-Cpp-\Monopoly\game.cpp(536,82): warning C4305: 'argument': truncation from 'double' to 'const float'
C:\Desktop\Football-themed-Monopoly-Game-in-Cpp-\Monopoly\game.cpp(536,75): warning C4305: 'argument': truncation from 'double' to 'const float'
C:\Desktop\Football-themed-Monopoly-Game-in-Cpp-\Monopoly\game.cpp(536,69): warning C4244: 'argument': conversion from 'int' to 'const float', possible loss of data
C:\Desktop\Football-themed-Monopoly-Game-in-Cpp-\Monopoly\game.cpp(536,62): warning C4244: 'argument': conversion from 'int' to 'const float', possible loss of data
C:\Desktop\Football-themed-Monopoly-Game-in-Cpp-\Monopoly\game.cpp(543,89): warning C4305: 'argument': truncation from 'double' to 'const float'
C:\Desktop\Football-themed-Monopoly-Game-in-Cpp-\Monopoly\game.cpp(545,97): warning C4305: 'argument': truncation from 'double' to 'const float'
C:\Desktop\Football-themed-Monopoly-Game-in-Cpp-\Monopoly\game.cpp(547,96): warning C4305: 'argument': truncation from 'double' to 'const float'
C:\Desktop\Football-themed-Monopoly-Game-in-Cpp-\Monopoly\game.cpp(549,90): warning C4305: 'argument': truncation from 'double' to 'const float'
sggd.lib(GLbackend.obj) : warning LNK4099: PDB '' was not found with 'sggd.lib(GLbackend.obj)' or at ''; linking object as if no debug info
  Monopoly.vcxproj -> C:\Desktop\Football-themed-Monopoly-Game-in-Cpp-\bin\Monopolyd.exe
